<?xml version="1.0" encoding="UTF-8"?>
<robot generator="Robot 2.9 (Jython 2.7.0 on java1.8.0_60)" generated="20160129 11:58:07.824">
<suite source="C:\Users\Owner\Desktop\CS310\IndProj\tic-tac-toe-gui\acceptance\TicTacToeGUITests.txt" name="TicTacToeGUITests" id="s1">
<test name="Win Diagonally as X" id="s1-t1">
<kw name="Start New Game">
<kw library="SwingLibrary" name="Start Application">
<doc>Alias for `Launch Application` keyword</doc>
<arguments>
<arg>edu.jsu.mcis.TicTacToeGame</arg>
</arguments>
<status endtime="20160129 11:58:10.851" starttime="20160129 11:58:10.570" status="PASS"></status>
</kw>
<kw library="SwingLibrary" name="Select Window">
<doc>Selects a window as current context and sets focus to it.</doc>
<arguments>
<arg>Tic Tac Toe</arg>
</arguments>
<status endtime="20160129 11:58:11.085" starttime="20160129 11:58:10.866" status="PASS"></status>
</kw>
<status endtime="20160129 11:58:11.085" starttime="20160129 11:58:10.570" status="PASS"></status>
</kw>
<kw name="Mark Location">
<arguments>
<arg>1</arg>
<arg>1</arg>
</arguments>
<kw library="BuiltIn" name="Catenate">
<doc>Catenates the given items together and returns the resulted string.</doc>
<arguments>
<arg>SEPARATOR=</arg>
<arg>Location</arg>
<arg>${row}</arg>
<arg>${col}</arg>
</arguments>
<assign>
<var>${component}</var>
</assign>
<msg level="INFO" timestamp="20160129 11:58:11.116">${component} = Location11</msg>
<status endtime="20160129 11:58:11.116" starttime="20160129 11:58:11.100" status="PASS"></status>
</kw>
<kw library="SwingLibrary" name="Click On Component">
<doc>Clicks on a component.</doc>
<arguments>
<arg>${component}</arg>
</arguments>
<status endtime="20160129 11:58:11.209" starttime="20160129 11:58:11.116" status="PASS"></status>
</kw>
<status endtime="20160129 11:58:11.209" starttime="20160129 11:58:11.085" status="PASS"></status>
</kw>
<kw name="Check Location">
<arguments>
<arg>1</arg>
<arg>1</arg>
<arg>X</arg>
</arguments>
<kw library="BuiltIn" name="Catenate">
<doc>Catenates the given items together and returns the resulted string.</doc>
<arguments>
<arg>SEPARATOR=</arg>
<arg>Location</arg>
<arg>${row}</arg>
<arg>${col}</arg>
</arguments>
<assign>
<var>${component}</var>
</assign>
<msg level="INFO" timestamp="20160129 11:58:11.241">${component} = Location11</msg>
<status endtime="20160129 11:58:11.241" starttime="20160129 11:58:11.225" status="PASS"></status>
</kw>
<kw library="SwingLibrary" name="Get Button Text">
<doc>Uses current context to search for a button and when found, returns the text it is labeled with.</doc>
<arguments>
<arg>${component}</arg>
</arguments>
<assign>
<var>${text}</var>
</assign>
<msg level="INFO" timestamp="20160129 11:58:11.334">${text} = X</msg>
<status endtime="20160129 11:58:11.334" starttime="20160129 11:58:11.241" status="PASS"></status>
</kw>
<kw library="BuiltIn" name="Should Be Equal">
<doc>Fails if the given objects are unequal.</doc>
<arguments>
<arg>${text}</arg>
<arg>${mark}</arg>
</arguments>
<status endtime="20160129 11:58:11.350" starttime="20160129 11:58:11.350" status="PASS"></status>
</kw>
<status endtime="20160129 11:58:11.350" starttime="20160129 11:58:11.209" status="PASS"></status>
</kw>
<kw name="Mark Location">
<arguments>
<arg>0</arg>
<arg>1</arg>
</arguments>
<kw library="BuiltIn" name="Catenate">
<doc>Catenates the given items together and returns the resulted string.</doc>
<arguments>
<arg>SEPARATOR=</arg>
<arg>Location</arg>
<arg>${row}</arg>
<arg>${col}</arg>
</arguments>
<assign>
<var>${component}</var>
</assign>
<msg level="INFO" timestamp="20160129 11:58:11.381">${component} = Location01</msg>
<status endtime="20160129 11:58:11.381" starttime="20160129 11:58:11.365" status="PASS"></status>
</kw>
<kw library="SwingLibrary" name="Click On Component">
<doc>Clicks on a component.</doc>
<arguments>
<arg>${component}</arg>
</arguments>
<status endtime="20160129 11:58:11.412" starttime="20160129 11:58:11.397" status="PASS"></status>
</kw>
<status endtime="20160129 11:58:11.428" starttime="20160129 11:58:11.365" status="PASS"></status>
</kw>
<kw name="Check Location">
<arguments>
<arg>0</arg>
<arg>1</arg>
<arg>O</arg>
</arguments>
<kw library="BuiltIn" name="Catenate">
<doc>Catenates the given items together and returns the resulted string.</doc>
<arguments>
<arg>SEPARATOR=</arg>
<arg>Location</arg>
<arg>${row}</arg>
<arg>${col}</arg>
</arguments>
<assign>
<var>${component}</var>
</assign>
<msg level="INFO" timestamp="20160129 11:58:11.459">${component} = Location01</msg>
<status endtime="20160129 11:58:11.459" starttime="20160129 11:58:11.443" status="PASS"></status>
</kw>
<kw library="SwingLibrary" name="Get Button Text">
<doc>Uses current context to search for a button and when found, returns the text it is labeled with.</doc>
<arguments>
<arg>${component}</arg>
</arguments>
<assign>
<var>${text}</var>
</assign>
<msg level="INFO" timestamp="20160129 11:58:11.475">${text} = O</msg>
<status endtime="20160129 11:58:11.475" starttime="20160129 11:58:11.459" status="PASS"></status>
</kw>
<kw library="BuiltIn" name="Should Be Equal">
<doc>Fails if the given objects are unequal.</doc>
<arguments>
<arg>${text}</arg>
<arg>${mark}</arg>
</arguments>
<status endtime="20160129 11:58:11.490" starttime="20160129 11:58:11.490" status="PASS"></status>
</kw>
<status endtime="20160129 11:58:11.490" starttime="20160129 11:58:11.428" status="PASS"></status>
</kw>
<kw name="Mark Location">
<arguments>
<arg>0</arg>
<arg>0</arg>
</arguments>
<kw library="BuiltIn" name="Catenate">
<doc>Catenates the given items together and returns the resulted string.</doc>
<arguments>
<arg>SEPARATOR=</arg>
<arg>Location</arg>
<arg>${row}</arg>
<arg>${col}</arg>
</arguments>
<assign>
<var>${component}</var>
</assign>
<msg level="INFO" timestamp="20160129 11:58:11.521">${component} = Location00</msg>
<status endtime="20160129 11:58:11.521" starttime="20160129 11:58:11.506" status="PASS"></status>
</kw>
<kw library="SwingLibrary" name="Click On Component">
<doc>Clicks on a component.</doc>
<arguments>
<arg>${component}</arg>
</arguments>
<status endtime="20160129 11:58:11.553" starttime="20160129 11:58:11.521" status="PASS"></status>
</kw>
<status endtime="20160129 11:58:11.553" starttime="20160129 11:58:11.506" status="PASS"></status>
</kw>
<kw name="Check Location">
<arguments>
<arg>0</arg>
<arg>0</arg>
<arg>X</arg>
</arguments>
<kw library="BuiltIn" name="Catenate">
<doc>Catenates the given items together and returns the resulted string.</doc>
<arguments>
<arg>SEPARATOR=</arg>
<arg>Location</arg>
<arg>${row}</arg>
<arg>${col}</arg>
</arguments>
<assign>
<var>${component}</var>
</assign>
<msg level="INFO" timestamp="20160129 11:58:11.568">${component} = Location00</msg>
<status endtime="20160129 11:58:11.568" starttime="20160129 11:58:11.553" status="PASS"></status>
</kw>
<kw library="SwingLibrary" name="Get Button Text">
<doc>Uses current context to search for a button and when found, returns the text it is labeled with.</doc>
<arguments>
<arg>${component}</arg>
</arguments>
<assign>
<var>${text}</var>
</assign>
<msg level="INFO" timestamp="20160129 11:58:11.584">${text} = X</msg>
<status endtime="20160129 11:58:11.584" starttime="20160129 11:58:11.568" status="PASS"></status>
</kw>
<kw library="BuiltIn" name="Should Be Equal">
<doc>Fails if the given objects are unequal.</doc>
<arguments>
<arg>${text}</arg>
<arg>${mark}</arg>
</arguments>
<status endtime="20160129 11:58:11.615" starttime="20160129 11:58:11.599" status="PASS"></status>
</kw>
<status endtime="20160129 11:58:11.615" starttime="20160129 11:58:11.553" status="PASS"></status>
</kw>
<kw name="Mark Location">
<arguments>
<arg>0</arg>
<arg>2</arg>
</arguments>
<kw library="BuiltIn" name="Catenate">
<doc>Catenates the given items together and returns the resulted string.</doc>
<arguments>
<arg>SEPARATOR=</arg>
<arg>Location</arg>
<arg>${row}</arg>
<arg>${col}</arg>
</arguments>
<assign>
<var>${component}</var>
</assign>
<msg level="INFO" timestamp="20160129 11:58:11.631">${component} = Location02</msg>
<status endtime="20160129 11:58:11.631" starttime="20160129 11:58:11.615" status="PASS"></status>
</kw>
<kw library="SwingLibrary" name="Click On Component">
<doc>Clicks on a component.</doc>
<arguments>
<arg>${component}</arg>
</arguments>
<status endtime="20160129 11:58:11.709" starttime="20160129 11:58:11.631" status="PASS"></status>
</kw>
<status endtime="20160129 11:58:11.740" starttime="20160129 11:58:11.615" status="PASS"></status>
</kw>
<kw name="Check Location">
<arguments>
<arg>0</arg>
<arg>2</arg>
<arg>O</arg>
</arguments>
<kw library="BuiltIn" name="Catenate">
<doc>Catenates the given items together and returns the resulted string.</doc>
<arguments>
<arg>SEPARATOR=</arg>
<arg>Location</arg>
<arg>${row}</arg>
<arg>${col}</arg>
</arguments>
<assign>
<var>${component}</var>
</assign>
<msg level="INFO" timestamp="20160129 11:58:11.771">${component} = Location02</msg>
<status endtime="20160129 11:58:11.771" starttime="20160129 11:58:11.755" status="PASS"></status>
</kw>
<kw library="SwingLibrary" name="Get Button Text">
<doc>Uses current context to search for a button and when found, returns the text it is labeled with.</doc>
<arguments>
<arg>${component}</arg>
</arguments>
<assign>
<var>${text}</var>
</assign>
<msg level="INFO" timestamp="20160129 11:58:11.787">${text} = O</msg>
<status endtime="20160129 11:58:11.787" starttime="20160129 11:58:11.771" status="PASS"></status>
</kw>
<kw library="BuiltIn" name="Should Be Equal">
<doc>Fails if the given objects are unequal.</doc>
<arguments>
<arg>${text}</arg>
<arg>${mark}</arg>
</arguments>
<status endtime="20160129 11:58:11.802" starttime="20160129 11:58:11.787" status="PASS"></status>
</kw>
<status endtime="20160129 11:58:11.802" starttime="20160129 11:58:11.740" status="PASS"></status>
</kw>
<kw name="Mark Location">
<arguments>
<arg>2</arg>
<arg>2</arg>
</arguments>
<kw library="BuiltIn" name="Catenate">
<doc>Catenates the given items together and returns the resulted string.</doc>
<arguments>
<arg>SEPARATOR=</arg>
<arg>Location</arg>
<arg>${row}</arg>
<arg>${col}</arg>
</arguments>
<assign>
<var>${component}</var>
</assign>
<msg level="INFO" timestamp="20160129 11:58:11.833">${component} = Location22</msg>
<status endtime="20160129 11:58:11.833" starttime="20160129 11:58:11.818" status="PASS"></status>
</kw>
<kw library="SwingLibrary" name="Click On Component">
<doc>Clicks on a component.</doc>
<arguments>
<arg>${component}</arg>
</arguments>
<status endtime="20160129 11:58:11.849" starttime="20160129 11:58:11.833" status="PASS"></status>
</kw>
<status endtime="20160129 11:58:11.865" starttime="20160129 11:58:11.802" status="PASS"></status>
</kw>
<kw name="Check Location">
<arguments>
<arg>2</arg>
<arg>2</arg>
<arg>X</arg>
</arguments>
<kw library="BuiltIn" name="Catenate">
<doc>Catenates the given items together and returns the resulted string.</doc>
<arguments>
<arg>SEPARATOR=</arg>
<arg>Location</arg>
<arg>${row}</arg>
<arg>${col}</arg>
</arguments>
<assign>
<var>${component}</var>
</assign>
<msg level="INFO" timestamp="20160129 11:58:11.896">${component} = Location22</msg>
<status endtime="20160129 11:58:11.896" starttime="20160129 11:58:11.880" status="PASS"></status>
</kw>
<kw library="SwingLibrary" name="Get Button Text">
<doc>Uses current context to search for a button and when found, returns the text it is labeled with.</doc>
<arguments>
<arg>${component}</arg>
</arguments>
<assign>
<var>${text}</var>
</assign>
<msg level="INFO" timestamp="20160129 11:58:11.974">${text} = X</msg>
<status endtime="20160129 11:58:11.974" starttime="20160129 11:58:11.896" status="PASS"></status>
</kw>
<kw library="BuiltIn" name="Should Be Equal">
<doc>Fails if the given objects are unequal.</doc>
<arguments>
<arg>${text}</arg>
<arg>${mark}</arg>
</arguments>
<status endtime="20160129 11:58:11.989" starttime="20160129 11:58:11.974" status="PASS"></status>
</kw>
<status endtime="20160129 11:58:11.989" starttime="20160129 11:58:11.865" status="PASS"></status>
</kw>
<kw name="Winner Should Be">
<arguments>
<arg>X</arg>
</arguments>
<kw library="SwingLibrary" name="Select Dialog">
<doc>Selects a dialog as current context and sets focus to it.</doc>
<arguments>
<arg>Game Over</arg>
</arguments>
<status endtime="20160129 11:58:12.052" starttime="20160129 11:58:12.005" status="PASS"></status>
</kw>
<kw library="BuiltIn" name="Catenate">
<doc>Catenates the given items together and returns the resulted string.</doc>
<arguments>
<arg>The winner is</arg>
<arg>${winner}</arg>
</arguments>
<assign>
<var>${message}</var>
</assign>
<msg level="INFO" timestamp="20160129 11:58:12.067">${message} = The winner is X</msg>
<status endtime="20160129 11:58:12.067" starttime="20160129 11:58:12.052" status="PASS"></status>
</kw>
<kw library="SwingLibrary" name="Label Text Should Be">
<doc>Checks the equality of given text and the text displayed on a label.</doc>
<arguments>
<arg>OptionPane.label</arg>
<arg>${message}</arg>
</arguments>
<status endtime="20160129 11:58:12.114" starttime="20160129 11:58:12.067" status="PASS"></status>
</kw>
<kw library="SwingLibrary" name="Close Dialog">
<doc>Closes a dialog.</doc>
<arguments>
<arg>Game Over</arg>
</arguments>
<status endtime="20160129 11:58:12.161" starttime="20160129 11:58:12.114" status="PASS"></status>
</kw>
<kw library="SwingLibrary" name="Close Window">
<doc>Closes a window.</doc>
<arguments>
<arg>Tic Tac Toe</arg>
</arguments>
<status endtime="20160129 11:58:23.019" starttime="20160129 11:58:12.161" status="PASS"></status>
</kw>
<status endtime="20160129 11:58:23.019" starttime="20160129 11:58:12.005" status="PASS"></status>
</kw>
<status critical="yes" endtime="20160129 11:58:23.019" starttime="20160129 11:58:10.554" status="PASS"></status>
</test>
<test name="Win Horizontally as O" id="s1-t2">
<kw name="Start New Game">
<kw library="SwingLibrary" name="Start Application">
<doc>Alias for `Launch Application` keyword</doc>
<arguments>
<arg>edu.jsu.mcis.TicTacToeGame</arg>
</arguments>
<status endtime="20160129 11:58:23.065" starttime="20160129 11:58:23.034" status="PASS"></status>
</kw>
<kw library="SwingLibrary" name="Select Window">
<doc>Selects a window as current context and sets focus to it.</doc>
<arguments>
<arg>Tic Tac Toe</arg>
</arguments>
<status endtime="20160129 11:58:23.097" starttime="20160129 11:58:23.081" status="PASS"></status>
</kw>
<status endtime="20160129 11:58:23.097" starttime="20160129 11:58:23.034" status="PASS"></status>
</kw>
<kw name="Mark Location">
<arguments>
<arg>1</arg>
<arg>1</arg>
</arguments>
<kw library="BuiltIn" name="Catenate">
<doc>Catenates the given items together and returns the resulted string.</doc>
<arguments>
<arg>SEPARATOR=</arg>
<arg>Location</arg>
<arg>${row}</arg>
<arg>${col}</arg>
</arguments>
<assign>
<var>${component}</var>
</assign>
<msg level="INFO" timestamp="20160129 11:58:23.128">${component} = Location11</msg>
<status endtime="20160129 11:58:23.128" starttime="20160129 11:58:23.112" status="PASS"></status>
</kw>
<kw library="SwingLibrary" name="Click On Component">
<doc>Clicks on a component.</doc>
<arguments>
<arg>${component}</arg>
</arguments>
<status endtime="20160129 11:58:23.143" starttime="20160129 11:58:23.128" status="PASS"></status>
</kw>
<status endtime="20160129 11:58:23.143" starttime="20160129 11:58:23.112" status="PASS"></status>
</kw>
<kw name="Check Location">
<arguments>
<arg>1</arg>
<arg>1</arg>
<arg>X</arg>
</arguments>
<kw library="BuiltIn" name="Catenate">
<doc>Catenates the given items together and returns the resulted string.</doc>
<arguments>
<arg>SEPARATOR=</arg>
<arg>Location</arg>
<arg>${row}</arg>
<arg>${col}</arg>
</arguments>
<assign>
<var>${component}</var>
</assign>
<msg level="INFO" timestamp="20160129 11:58:23.175">${component} = Location11</msg>
<status endtime="20160129 11:58:23.175" starttime="20160129 11:58:23.159" status="PASS"></status>
</kw>
<kw library="SwingLibrary" name="Get Button Text">
<doc>Uses current context to search for a button and when found, returns the text it is labeled with.</doc>
<arguments>
<arg>${component}</arg>
</arguments>
<assign>
<var>${text}</var>
</assign>
<msg level="INFO" timestamp="20160129 11:58:23.190">${text} = X</msg>
<status endtime="20160129 11:58:23.190" starttime="20160129 11:58:23.175" status="PASS"></status>
</kw>
<kw library="BuiltIn" name="Should Be Equal">
<doc>Fails if the given objects are unequal.</doc>
<arguments>
<arg>${text}</arg>
<arg>${mark}</arg>
</arguments>
<status endtime="20160129 11:58:23.206" starttime="20160129 11:58:23.190" status="PASS"></status>
</kw>
<status endtime="20160129 11:58:23.206" starttime="20160129 11:58:23.159" status="PASS"></status>
</kw>
<kw name="Mark Location">
<arguments>
<arg>2</arg>
<arg>0</arg>
</arguments>
<kw library="BuiltIn" name="Catenate">
<doc>Catenates the given items together and returns the resulted string.</doc>
<arguments>
<arg>SEPARATOR=</arg>
<arg>Location</arg>
<arg>${row}</arg>
<arg>${col}</arg>
</arguments>
<assign>
<var>${component}</var>
</assign>
<msg level="INFO" timestamp="20160129 11:58:23.221">${component} = Location20</msg>
<status endtime="20160129 11:58:23.221" starttime="20160129 11:58:23.206" status="PASS"></status>
</kw>
<kw library="SwingLibrary" name="Click On Component">
<doc>Clicks on a component.</doc>
<arguments>
<arg>${component}</arg>
</arguments>
<status endtime="20160129 11:58:23.237" starttime="20160129 11:58:23.221" status="PASS"></status>
</kw>
<status endtime="20160129 11:58:23.237" starttime="20160129 11:58:23.206" status="PASS"></status>
</kw>
<kw name="Check Location">
<arguments>
<arg>2</arg>
<arg>0</arg>
<arg>O</arg>
</arguments>
<kw library="BuiltIn" name="Catenate">
<doc>Catenates the given items together and returns the resulted string.</doc>
<arguments>
<arg>SEPARATOR=</arg>
<arg>Location</arg>
<arg>${row}</arg>
<arg>${col}</arg>
</arguments>
<assign>
<var>${component}</var>
</assign>
<msg level="INFO" timestamp="20160129 11:58:23.268">${component} = Location20</msg>
<status endtime="20160129 11:58:23.268" starttime="20160129 11:58:23.253" status="PASS"></status>
</kw>
<kw library="SwingLibrary" name="Get Button Text">
<doc>Uses current context to search for a button and when found, returns the text it is labeled with.</doc>
<arguments>
<arg>${component}</arg>
</arguments>
<assign>
<var>${text}</var>
</assign>
<msg level="INFO" timestamp="20160129 11:58:23.284">${text} = O</msg>
<status endtime="20160129 11:58:23.284" starttime="20160129 11:58:23.268" status="PASS"></status>
</kw>
<kw library="BuiltIn" name="Should Be Equal">
<doc>Fails if the given objects are unequal.</doc>
<arguments>
<arg>${text}</arg>
<arg>${mark}</arg>
</arguments>
<status endtime="20160129 11:58:23.299" starttime="20160129 11:58:23.284" status="PASS"></status>
</kw>
<status endtime="20160129 11:58:23.299" starttime="20160129 11:58:23.253" status="PASS"></status>
</kw>
<kw name="Mark Location">
<arguments>
<arg>0</arg>
<arg>0</arg>
</arguments>
<kw library="BuiltIn" name="Catenate">
<doc>Catenates the given items together and returns the resulted string.</doc>
<arguments>
<arg>SEPARATOR=</arg>
<arg>Location</arg>
<arg>${row}</arg>
<arg>${col}</arg>
</arguments>
<assign>
<var>${component}</var>
</assign>
<msg level="INFO" timestamp="20160129 11:58:23.315">${component} = Location00</msg>
<status endtime="20160129 11:58:23.315" starttime="20160129 11:58:23.299" status="PASS"></status>
</kw>
<kw library="SwingLibrary" name="Click On Component">
<doc>Clicks on a component.</doc>
<arguments>
<arg>${component}</arg>
</arguments>
<status endtime="20160129 11:58:23.331" starttime="20160129 11:58:23.315" status="PASS"></status>
</kw>
<status endtime="20160129 11:58:23.331" starttime="20160129 11:58:23.299" status="PASS"></status>
</kw>
<kw name="Check Location">
<arguments>
<arg>0</arg>
<arg>0</arg>
<arg>X</arg>
</arguments>
<kw library="BuiltIn" name="Catenate">
<doc>Catenates the given items together and returns the resulted string.</doc>
<arguments>
<arg>SEPARATOR=</arg>
<arg>Location</arg>
<arg>${row}</arg>
<arg>${col}</arg>
</arguments>
<assign>
<var>${component}</var>
</assign>
<msg level="INFO" timestamp="20160129 11:58:23.346">${component} = Location00</msg>
<status endtime="20160129 11:58:23.362" starttime="20160129 11:58:23.346" status="PASS"></status>
</kw>
<kw library="SwingLibrary" name="Get Button Text">
<doc>Uses current context to search for a button and when found, returns the text it is labeled with.</doc>
<arguments>
<arg>${component}</arg>
</arguments>
<assign>
<var>${text}</var>
</assign>
<msg level="INFO" timestamp="20160129 11:58:23.362">${text} = X</msg>
<status endtime="20160129 11:58:23.377" starttime="20160129 11:58:23.362" status="PASS"></status>
</kw>
<kw library="BuiltIn" name="Should Be Equal">
<doc>Fails if the given objects are unequal.</doc>
<arguments>
<arg>${text}</arg>
<arg>${mark}</arg>
</arguments>
<status endtime="20160129 11:58:23.377" starttime="20160129 11:58:23.377" status="PASS"></status>
</kw>
<status endtime="20160129 11:58:23.377" starttime="20160129 11:58:23.346" status="PASS"></status>
</kw>
<kw name="Mark Location">
<arguments>
<arg>2</arg>
<arg>2</arg>
</arguments>
<kw library="BuiltIn" name="Catenate">
<doc>Catenates the given items together and returns the resulted string.</doc>
<arguments>
<arg>SEPARATOR=</arg>
<arg>Location</arg>
<arg>${row}</arg>
<arg>${col}</arg>
</arguments>
<assign>
<var>${component}</var>
</assign>
<msg level="INFO" timestamp="20160129 11:58:23.409">${component} = Location22</msg>
<status endtime="20160129 11:58:23.409" starttime="20160129 11:58:23.393" status="PASS"></status>
</kw>
<kw library="SwingLibrary" name="Click On Component">
<doc>Clicks on a component.</doc>
<arguments>
<arg>${component}</arg>
</arguments>
<status endtime="20160129 11:58:23.424" starttime="20160129 11:58:23.409" status="PASS"></status>
</kw>
<status endtime="20160129 11:58:23.424" starttime="20160129 11:58:23.377" status="PASS"></status>
</kw>
<kw name="Check Location">
<arguments>
<arg>2</arg>
<arg>2</arg>
<arg>O</arg>
</arguments>
<kw library="BuiltIn" name="Catenate">
<doc>Catenates the given items together and returns the resulted string.</doc>
<arguments>
<arg>SEPARATOR=</arg>
<arg>Location</arg>
<arg>${row}</arg>
<arg>${col}</arg>
</arguments>
<assign>
<var>${component}</var>
</assign>
<msg level="INFO" timestamp="20160129 11:58:23.455">${component} = Location22</msg>
<status endtime="20160129 11:58:23.455" starttime="20160129 11:58:23.440" status="PASS"></status>
</kw>
<kw library="SwingLibrary" name="Get Button Text">
<doc>Uses current context to search for a button and when found, returns the text it is labeled with.</doc>
<arguments>
<arg>${component}</arg>
</arguments>
<assign>
<var>${text}</var>
</assign>
<msg level="INFO" timestamp="20160129 11:58:23.471">${text} = O</msg>
<status endtime="20160129 11:58:23.471" starttime="20160129 11:58:23.455" status="PASS"></status>
</kw>
<kw library="BuiltIn" name="Should Be Equal">
<doc>Fails if the given objects are unequal.</doc>
<arguments>
<arg>${text}</arg>
<arg>${mark}</arg>
</arguments>
<status endtime="20160129 11:58:23.487" starttime="20160129 11:58:23.471" status="PASS"></status>
</kw>
<status endtime="20160129 11:58:23.487" starttime="20160129 11:58:23.424" status="PASS"></status>
</kw>
<kw name="Mark Location">
<arguments>
<arg>0</arg>
<arg>2</arg>
</arguments>
<kw library="BuiltIn" name="Catenate">
<doc>Catenates the given items together and returns the resulted string.</doc>
<arguments>
<arg>SEPARATOR=</arg>
<arg>Location</arg>
<arg>${row}</arg>
<arg>${col}</arg>
</arguments>
<assign>
<var>${component}</var>
</assign>
<msg level="INFO" timestamp="20160129 11:58:23.518">${component} = Location02</msg>
<status endtime="20160129 11:58:23.518" starttime="20160129 11:58:23.502" status="PASS"></status>
</kw>
<kw library="SwingLibrary" name="Click On Component">
<doc>Clicks on a component.</doc>
<arguments>
<arg>${component}</arg>
</arguments>
<status endtime="20160129 11:58:23.549" starttime="20160129 11:58:23.518" status="PASS"></status>
</kw>
<status endtime="20160129 11:58:23.549" starttime="20160129 11:58:23.502" status="PASS"></status>
</kw>
<kw name="Check Location">
<arguments>
<arg>0</arg>
<arg>2</arg>
<arg>X</arg>
</arguments>
<kw library="BuiltIn" name="Catenate">
<doc>Catenates the given items together and returns the resulted string.</doc>
<arguments>
<arg>SEPARATOR=</arg>
<arg>Location</arg>
<arg>${row}</arg>
<arg>${col}</arg>
</arguments>
<assign>
<var>${component}</var>
</assign>
<msg level="INFO" timestamp="20160129 11:58:23.580">${component} = Location02</msg>
<status endtime="20160129 11:58:23.580" starttime="20160129 11:58:23.565" status="PASS"></status>
</kw>
<kw library="SwingLibrary" name="Get Button Text">
<doc>Uses current context to search for a button and when found, returns the text it is labeled with.</doc>
<arguments>
<arg>${component}</arg>
</arguments>
<assign>
<var>${text}</var>
</assign>
<msg level="INFO" timestamp="20160129 11:58:23.596">${text} = X</msg>
<status endtime="20160129 11:58:23.596" starttime="20160129 11:58:23.580" status="PASS"></status>
</kw>
<kw library="BuiltIn" name="Should Be Equal">
<doc>Fails if the given objects are unequal.</doc>
<arguments>
<arg>${text}</arg>
<arg>${mark}</arg>
</arguments>
<status endtime="20160129 11:58:23.611" starttime="20160129 11:58:23.596" status="PASS"></status>
</kw>
<status endtime="20160129 11:58:23.611" starttime="20160129 11:58:23.549" status="PASS"></status>
</kw>
<kw name="Mark Location">
<arguments>
<arg>2</arg>
<arg>1</arg>
</arguments>
<kw library="BuiltIn" name="Catenate">
<doc>Catenates the given items together and returns the resulted string.</doc>
<arguments>
<arg>SEPARATOR=</arg>
<arg>Location</arg>
<arg>${row}</arg>
<arg>${col}</arg>
</arguments>
<assign>
<var>${component}</var>
</assign>
<msg level="INFO" timestamp="20160129 11:58:23.627">${component} = Location21</msg>
<status endtime="20160129 11:58:23.627" starttime="20160129 11:58:23.611" status="PASS"></status>
</kw>
<kw library="SwingLibrary" name="Click On Component">
<doc>Clicks on a component.</doc>
<arguments>
<arg>${component}</arg>
</arguments>
<status endtime="20160129 11:58:23.643" starttime="20160129 11:58:23.627" status="PASS"></status>
</kw>
<status endtime="20160129 11:58:23.658" starttime="20160129 11:58:23.611" status="PASS"></status>
</kw>
<kw name="Check Location">
<arguments>
<arg>2</arg>
<arg>1</arg>
<arg>O</arg>
</arguments>
<kw library="BuiltIn" name="Catenate">
<doc>Catenates the given items together and returns the resulted string.</doc>
<arguments>
<arg>SEPARATOR=</arg>
<arg>Location</arg>
<arg>${row}</arg>
<arg>${col}</arg>
</arguments>
<assign>
<var>${component}</var>
</assign>
<msg level="INFO" timestamp="20160129 11:58:23.674">${component} = Location21</msg>
<status endtime="20160129 11:58:23.674" starttime="20160129 11:58:23.658" status="PASS"></status>
</kw>
<kw library="SwingLibrary" name="Get Button Text">
<doc>Uses current context to search for a button and when found, returns the text it is labeled with.</doc>
<arguments>
<arg>${component}</arg>
</arguments>
<assign>
<var>${text}</var>
</assign>
<msg level="INFO" timestamp="20160129 11:58:23.689">${text} = O</msg>
<status endtime="20160129 11:58:23.705" starttime="20160129 11:58:23.674" status="PASS"></status>
</kw>
<kw library="BuiltIn" name="Should Be Equal">
<doc>Fails if the given objects are unequal.</doc>
<arguments>
<arg>${text}</arg>
<arg>${mark}</arg>
</arguments>
<status endtime="20160129 11:58:23.705" starttime="20160129 11:58:23.705" status="PASS"></status>
</kw>
<status endtime="20160129 11:58:23.721" starttime="20160129 11:58:23.658" status="PASS"></status>
</kw>
<kw name="Winner Should Be">
<arguments>
<arg>O</arg>
</arguments>
<kw library="SwingLibrary" name="Select Dialog">
<doc>Selects a dialog as current context and sets focus to it.</doc>
<arguments>
<arg>Game Over</arg>
</arguments>
<status endtime="20160129 11:58:23.736" starttime="20160129 11:58:23.721" status="PASS"></status>
</kw>
<kw library="BuiltIn" name="Catenate">
<doc>Catenates the given items together and returns the resulted string.</doc>
<arguments>
<arg>The winner is</arg>
<arg>${winner}</arg>
</arguments>
<assign>
<var>${message}</var>
</assign>
<msg level="INFO" timestamp="20160129 11:58:23.752">${message} = The winner is O</msg>
<status endtime="20160129 11:58:23.752" starttime="20160129 11:58:23.736" status="PASS"></status>
</kw>
<kw library="SwingLibrary" name="Label Text Should Be">
<doc>Checks the equality of given text and the text displayed on a label.</doc>
<arguments>
<arg>OptionPane.label</arg>
<arg>${message}</arg>
</arguments>
<status endtime="20160129 11:58:23.752" starttime="20160129 11:58:23.752" status="PASS"></status>
</kw>
<kw library="SwingLibrary" name="Close Dialog">
<doc>Closes a dialog.</doc>
<arguments>
<arg>Game Over</arg>
</arguments>
<status endtime="20160129 11:58:23.783" starttime="20160129 11:58:23.767" status="PASS"></status>
</kw>
<kw library="SwingLibrary" name="Close Window">
<doc>Closes a window.</doc>
<arguments>
<arg>Tic Tac Toe</arg>
</arguments>
<status endtime="20160129 11:58:33.954" starttime="20160129 11:58:23.783" status="PASS"></status>
</kw>
<status endtime="20160129 11:58:33.954" starttime="20160129 11:58:23.721" status="PASS"></status>
</kw>
<status critical="yes" endtime="20160129 11:58:33.954" starttime="20160129 11:58:23.034" status="PASS"></status>
</test>
<test name="Force a Tie" id="s1-t3">
<kw name="Start New Game">
<kw library="SwingLibrary" name="Start Application">
<doc>Alias for `Launch Application` keyword</doc>
<arguments>
<arg>edu.jsu.mcis.TicTacToeGame</arg>
</arguments>
<status endtime="20160129 11:58:34.017" starttime="20160129 11:58:33.985" status="PASS"></status>
</kw>
<kw library="SwingLibrary" name="Select Window">
<doc>Selects a window as current context and sets focus to it.</doc>
<arguments>
<arg>Tic Tac Toe</arg>
</arguments>
<status endtime="20160129 11:58:34.032" starttime="20160129 11:58:34.017" status="PASS"></status>
</kw>
<status endtime="20160129 11:58:34.032" starttime="20160129 11:58:33.970" status="PASS"></status>
</kw>
<kw name="Mark Location">
<arguments>
<arg>1</arg>
<arg>1</arg>
</arguments>
<kw library="BuiltIn" name="Catenate">
<doc>Catenates the given items together and returns the resulted string.</doc>
<arguments>
<arg>SEPARATOR=</arg>
<arg>Location</arg>
<arg>${row}</arg>
<arg>${col}</arg>
</arguments>
<assign>
<var>${component}</var>
</assign>
<msg level="INFO" timestamp="20160129 11:58:34.063">${component} = Location11</msg>
<status endtime="20160129 11:58:34.063" starttime="20160129 11:58:34.048" status="PASS"></status>
</kw>
<kw library="SwingLibrary" name="Click On Component">
<doc>Clicks on a component.</doc>
<arguments>
<arg>${component}</arg>
</arguments>
<status endtime="20160129 11:58:34.079" starttime="20160129 11:58:34.063" status="PASS"></status>
</kw>
<status endtime="20160129 11:58:34.079" starttime="20160129 11:58:34.048" status="PASS"></status>
</kw>
<kw name="Check Location">
<arguments>
<arg>1</arg>
<arg>1</arg>
<arg>X</arg>
</arguments>
<kw library="BuiltIn" name="Catenate">
<doc>Catenates the given items together and returns the resulted string.</doc>
<arguments>
<arg>SEPARATOR=</arg>
<arg>Location</arg>
<arg>${row}</arg>
<arg>${col}</arg>
</arguments>
<assign>
<var>${component}</var>
</assign>
<msg level="INFO" timestamp="20160129 11:58:34.110">${component} = Location11</msg>
<status endtime="20160129 11:58:34.110" starttime="20160129 11:58:34.095" status="PASS"></status>
</kw>
<kw library="SwingLibrary" name="Get Button Text">
<doc>Uses current context to search for a button and when found, returns the text it is labeled with.</doc>
<arguments>
<arg>${component}</arg>
</arguments>
<assign>
<var>${text}</var>
</assign>
<msg level="INFO" timestamp="20160129 11:58:34.126">${text} = X</msg>
<status endtime="20160129 11:58:34.141" starttime="20160129 11:58:34.110" status="PASS"></status>
</kw>
<kw library="BuiltIn" name="Should Be Equal">
<doc>Fails if the given objects are unequal.</doc>
<arguments>
<arg>${text}</arg>
<arg>${mark}</arg>
</arguments>
<status endtime="20160129 11:58:34.141" starttime="20160129 11:58:34.141" status="PASS"></status>
</kw>
<status endtime="20160129 11:58:34.141" starttime="20160129 11:58:34.095" status="PASS"></status>
</kw>
<kw name="Mark Location">
<arguments>
<arg>0</arg>
<arg>0</arg>
</arguments>
<kw library="BuiltIn" name="Catenate">
<doc>Catenates the given items together and returns the resulted string.</doc>
<arguments>
<arg>SEPARATOR=</arg>
<arg>Location</arg>
<arg>${row}</arg>
<arg>${col}</arg>
</arguments>
<assign>
<var>${component}</var>
</assign>
<msg level="INFO" timestamp="20160129 11:58:34.173">${component} = Location00</msg>
<status endtime="20160129 11:58:34.173" starttime="20160129 11:58:34.157" status="PASS"></status>
</kw>
<kw library="SwingLibrary" name="Click On Component">
<doc>Clicks on a component.</doc>
<arguments>
<arg>${component}</arg>
</arguments>
<status endtime="20160129 11:58:34.188" starttime="20160129 11:58:34.173" status="PASS"></status>
</kw>
<status endtime="20160129 11:58:34.188" starttime="20160129 11:58:34.157" status="PASS"></status>
</kw>
<kw name="Check Location">
<arguments>
<arg>0</arg>
<arg>0</arg>
<arg>O</arg>
</arguments>
<kw library="BuiltIn" name="Catenate">
<doc>Catenates the given items together and returns the resulted string.</doc>
<arguments>
<arg>SEPARATOR=</arg>
<arg>Location</arg>
<arg>${row}</arg>
<arg>${col}</arg>
</arguments>
<assign>
<var>${component}</var>
</assign>
<msg level="INFO" timestamp="20160129 11:58:34.204">${component} = Location00</msg>
<status endtime="20160129 11:58:34.204" starttime="20160129 11:58:34.188" status="PASS"></status>
</kw>
<kw library="SwingLibrary" name="Get Button Text">
<doc>Uses current context to search for a button and when found, returns the text it is labeled with.</doc>
<arguments>
<arg>${component}</arg>
</arguments>
<assign>
<var>${text}</var>
</assign>
<msg level="INFO" timestamp="20160129 11:58:34.219">${text} = O</msg>
<status endtime="20160129 11:58:34.219" starttime="20160129 11:58:34.204" status="PASS"></status>
</kw>
<kw library="BuiltIn" name="Should Be Equal">
<doc>Fails if the given objects are unequal.</doc>
<arguments>
<arg>${text}</arg>
<arg>${mark}</arg>
</arguments>
<status endtime="20160129 11:58:34.219" starttime="20160129 11:58:34.219" status="PASS"></status>
</kw>
<status endtime="20160129 11:58:34.235" starttime="20160129 11:58:34.188" status="PASS"></status>
</kw>
<kw name="Mark Location">
<arguments>
<arg>2</arg>
<arg>0</arg>
</arguments>
<kw library="BuiltIn" name="Catenate">
<doc>Catenates the given items together and returns the resulted string.</doc>
<arguments>
<arg>SEPARATOR=</arg>
<arg>Location</arg>
<arg>${row}</arg>
<arg>${col}</arg>
</arguments>
<assign>
<var>${component}</var>
</assign>
<msg level="INFO" timestamp="20160129 11:58:34.235">${component} = Location20</msg>
<status endtime="20160129 11:58:34.251" starttime="20160129 11:58:34.235" status="PASS"></status>
</kw>
<kw library="SwingLibrary" name="Click On Component">
<doc>Clicks on a component.</doc>
<arguments>
<arg>${component}</arg>
</arguments>
<status endtime="20160129 11:58:34.266" starttime="20160129 11:58:34.251" status="PASS"></status>
</kw>
<status endtime="20160129 11:58:34.266" starttime="20160129 11:58:34.235" status="PASS"></status>
</kw>
<kw name="Check Location">
<arguments>
<arg>2</arg>
<arg>0</arg>
<arg>X</arg>
</arguments>
<kw library="BuiltIn" name="Catenate">
<doc>Catenates the given items together and returns the resulted string.</doc>
<arguments>
<arg>SEPARATOR=</arg>
<arg>Location</arg>
<arg>${row}</arg>
<arg>${col}</arg>
</arguments>
<assign>
<var>${component}</var>
</assign>
<msg level="INFO" timestamp="20160129 11:58:34.282">${component} = Location20</msg>
<status endtime="20160129 11:58:34.282" starttime="20160129 11:58:34.266" status="PASS"></status>
</kw>
<kw library="SwingLibrary" name="Get Button Text">
<doc>Uses current context to search for a button and when found, returns the text it is labeled with.</doc>
<arguments>
<arg>${component}</arg>
</arguments>
<assign>
<var>${text}</var>
</assign>
<msg level="INFO" timestamp="20160129 11:58:34.297">${text} = X</msg>
<status endtime="20160129 11:58:34.297" starttime="20160129 11:58:34.282" status="PASS"></status>
</kw>
<kw library="BuiltIn" name="Should Be Equal">
<doc>Fails if the given objects are unequal.</doc>
<arguments>
<arg>${text}</arg>
<arg>${mark}</arg>
</arguments>
<status endtime="20160129 11:58:34.297" starttime="20160129 11:58:34.297" status="PASS"></status>
</kw>
<status endtime="20160129 11:58:34.313" starttime="20160129 11:58:34.266" status="PASS"></status>
</kw>
<kw name="Mark Location">
<arguments>
<arg>0</arg>
<arg>2</arg>
</arguments>
<kw library="BuiltIn" name="Catenate">
<doc>Catenates the given items together and returns the resulted string.</doc>
<arguments>
<arg>SEPARATOR=</arg>
<arg>Location</arg>
<arg>${row}</arg>
<arg>${col}</arg>
</arguments>
<assign>
<var>${component}</var>
</assign>
<msg level="INFO" timestamp="20160129 11:58:34.313">${component} = Location02</msg>
<status endtime="20160129 11:58:34.313" starttime="20160129 11:58:34.313" status="PASS"></status>
</kw>
<kw library="SwingLibrary" name="Click On Component">
<doc>Clicks on a component.</doc>
<arguments>
<arg>${component}</arg>
</arguments>
<status endtime="20160129 11:58:34.344" starttime="20160129 11:58:34.329" status="PASS"></status>
</kw>
<status endtime="20160129 11:58:34.344" starttime="20160129 11:58:34.313" status="PASS"></status>
</kw>
<kw name="Check Location">
<arguments>
<arg>0</arg>
<arg>2</arg>
<arg>O</arg>
</arguments>
<kw library="BuiltIn" name="Catenate">
<doc>Catenates the given items together and returns the resulted string.</doc>
<arguments>
<arg>SEPARATOR=</arg>
<arg>Location</arg>
<arg>${row}</arg>
<arg>${col}</arg>
</arguments>
<assign>
<var>${component}</var>
</assign>
<msg level="INFO" timestamp="20160129 11:58:34.360">${component} = Location02</msg>
<status endtime="20160129 11:58:34.360" starttime="20160129 11:58:34.344" status="PASS"></status>
</kw>
<kw library="SwingLibrary" name="Get Button Text">
<doc>Uses current context to search for a button and when found, returns the text it is labeled with.</doc>
<arguments>
<arg>${component}</arg>
</arguments>
<assign>
<var>${text}</var>
</assign>
<msg level="INFO" timestamp="20160129 11:58:34.360">${text} = O</msg>
<status endtime="20160129 11:58:34.360" starttime="20160129 11:58:34.360" status="PASS"></status>
</kw>
<kw library="BuiltIn" name="Should Be Equal">
<doc>Fails if the given objects are unequal.</doc>
<arguments>
<arg>${text}</arg>
<arg>${mark}</arg>
</arguments>
<status endtime="20160129 11:58:34.375" starttime="20160129 11:58:34.375" status="PASS"></status>
</kw>
<status endtime="20160129 11:58:34.375" starttime="20160129 11:58:34.344" status="PASS"></status>
</kw>
<kw name="Mark Location">
<arguments>
<arg>0</arg>
<arg>1</arg>
</arguments>
<kw library="BuiltIn" name="Catenate">
<doc>Catenates the given items together and returns the resulted string.</doc>
<arguments>
<arg>SEPARATOR=</arg>
<arg>Location</arg>
<arg>${row}</arg>
<arg>${col}</arg>
</arguments>
<assign>
<var>${component}</var>
</assign>
<msg level="INFO" timestamp="20160129 11:58:34.391">${component} = Location01</msg>
<status endtime="20160129 11:58:34.391" starttime="20160129 11:58:34.375" status="PASS"></status>
</kw>
<kw library="SwingLibrary" name="Click On Component">
<doc>Clicks on a component.</doc>
<arguments>
<arg>${component}</arg>
</arguments>
<status endtime="20160129 11:58:34.407" starttime="20160129 11:58:34.391" status="PASS"></status>
</kw>
<status endtime="20160129 11:58:34.407" starttime="20160129 11:58:34.375" status="PASS"></status>
</kw>
<kw name="Check Location">
<arguments>
<arg>0</arg>
<arg>1</arg>
<arg>X</arg>
</arguments>
<kw library="BuiltIn" name="Catenate">
<doc>Catenates the given items together and returns the resulted string.</doc>
<arguments>
<arg>SEPARATOR=</arg>
<arg>Location</arg>
<arg>${row}</arg>
<arg>${col}</arg>
</arguments>
<assign>
<var>${component}</var>
</assign>
<msg level="INFO" timestamp="20160129 11:58:34.422">${component} = Location01</msg>
<status endtime="20160129 11:58:34.422" starttime="20160129 11:58:34.422" status="PASS"></status>
</kw>
<kw library="SwingLibrary" name="Get Button Text">
<doc>Uses current context to search for a button and when found, returns the text it is labeled with.</doc>
<arguments>
<arg>${component}</arg>
</arguments>
<assign>
<var>${text}</var>
</assign>
<msg level="INFO" timestamp="20160129 11:58:34.438">${text} = X</msg>
<status endtime="20160129 11:58:34.438" starttime="20160129 11:58:34.422" status="PASS"></status>
</kw>
<kw library="BuiltIn" name="Should Be Equal">
<doc>Fails if the given objects are unequal.</doc>
<arguments>
<arg>${text}</arg>
<arg>${mark}</arg>
</arguments>
<status endtime="20160129 11:58:34.453" starttime="20160129 11:58:34.438" status="PASS"></status>
</kw>
<status endtime="20160129 11:58:34.453" starttime="20160129 11:58:34.407" status="PASS"></status>
</kw>
<kw name="Mark Location">
<arguments>
<arg>2</arg>
<arg>1</arg>
</arguments>
<kw library="BuiltIn" name="Catenate">
<doc>Catenates the given items together and returns the resulted string.</doc>
<arguments>
<arg>SEPARATOR=</arg>
<arg>Location</arg>
<arg>${row}</arg>
<arg>${col}</arg>
</arguments>
<assign>
<var>${component}</var>
</assign>
<msg level="INFO" timestamp="20160129 11:58:34.469">${component} = Location21</msg>
<status endtime="20160129 11:58:34.469" starttime="20160129 11:58:34.453" status="PASS"></status>
</kw>
<kw library="SwingLibrary" name="Click On Component">
<doc>Clicks on a component.</doc>
<arguments>
<arg>${component}</arg>
</arguments>
<status endtime="20160129 11:58:34.485" starttime="20160129 11:58:34.469" status="PASS"></status>
</kw>
<status endtime="20160129 11:58:34.485" starttime="20160129 11:58:34.453" status="PASS"></status>
</kw>
<kw name="Check Location">
<arguments>
<arg>2</arg>
<arg>1</arg>
<arg>O</arg>
</arguments>
<kw library="BuiltIn" name="Catenate">
<doc>Catenates the given items together and returns the resulted string.</doc>
<arguments>
<arg>SEPARATOR=</arg>
<arg>Location</arg>
<arg>${row}</arg>
<arg>${col}</arg>
</arguments>
<assign>
<var>${component}</var>
</assign>
<msg level="INFO" timestamp="20160129 11:58:34.500">${component} = Location21</msg>
<status endtime="20160129 11:58:34.500" starttime="20160129 11:58:34.500" status="PASS"></status>
</kw>
<kw library="SwingLibrary" name="Get Button Text">
<doc>Uses current context to search for a button and when found, returns the text it is labeled with.</doc>
<arguments>
<arg>${component}</arg>
</arguments>
<assign>
<var>${text}</var>
</assign>
<msg level="INFO" timestamp="20160129 11:58:34.516">${text} = O</msg>
<status endtime="20160129 11:58:34.516" starttime="20160129 11:58:34.500" status="PASS"></status>
</kw>
<kw library="BuiltIn" name="Should Be Equal">
<doc>Fails if the given objects are unequal.</doc>
<arguments>
<arg>${text}</arg>
<arg>${mark}</arg>
</arguments>
<status endtime="20160129 11:58:34.531" starttime="20160129 11:58:34.531" status="PASS"></status>
</kw>
<status endtime="20160129 11:58:34.531" starttime="20160129 11:58:34.485" status="PASS"></status>
</kw>
<kw name="Mark Location">
<arguments>
<arg>1</arg>
<arg>2</arg>
</arguments>
<kw library="BuiltIn" name="Catenate">
<doc>Catenates the given items together and returns the resulted string.</doc>
<arguments>
<arg>SEPARATOR=</arg>
<arg>Location</arg>
<arg>${row}</arg>
<arg>${col}</arg>
</arguments>
<assign>
<var>${component}</var>
</assign>
<msg level="INFO" timestamp="20160129 11:58:34.547">${component} = Location12</msg>
<status endtime="20160129 11:58:34.547" starttime="20160129 11:58:34.547" status="PASS"></status>
</kw>
<kw library="SwingLibrary" name="Click On Component">
<doc>Clicks on a component.</doc>
<arguments>
<arg>${component}</arg>
</arguments>
<status endtime="20160129 11:58:34.563" starttime="20160129 11:58:34.547" status="PASS"></status>
</kw>
<status endtime="20160129 11:58:34.563" starttime="20160129 11:58:34.531" status="PASS"></status>
</kw>
<kw name="Check Location">
<arguments>
<arg>1</arg>
<arg>2</arg>
<arg>X</arg>
</arguments>
<kw library="BuiltIn" name="Catenate">
<doc>Catenates the given items together and returns the resulted string.</doc>
<arguments>
<arg>SEPARATOR=</arg>
<arg>Location</arg>
<arg>${row}</arg>
<arg>${col}</arg>
</arguments>
<assign>
<var>${component}</var>
</assign>
<msg level="INFO" timestamp="20160129 11:58:34.578">${component} = Location12</msg>
<status endtime="20160129 11:58:34.578" starttime="20160129 11:58:34.578" status="PASS"></status>
</kw>
<kw library="SwingLibrary" name="Get Button Text">
<doc>Uses current context to search for a button and when found, returns the text it is labeled with.</doc>
<arguments>
<arg>${component}</arg>
</arguments>
<assign>
<var>${text}</var>
</assign>
<msg level="INFO" timestamp="20160129 11:58:34.594">${text} = X</msg>
<status endtime="20160129 11:58:34.594" starttime="20160129 11:58:34.594" status="PASS"></status>
</kw>
<kw library="BuiltIn" name="Should Be Equal">
<doc>Fails if the given objects are unequal.</doc>
<arguments>
<arg>${text}</arg>
<arg>${mark}</arg>
</arguments>
<status endtime="20160129 11:58:34.609" starttime="20160129 11:58:34.594" status="PASS"></status>
</kw>
<status endtime="20160129 11:58:34.609" starttime="20160129 11:58:34.578" status="PASS"></status>
</kw>
<kw name="Mark Location">
<arguments>
<arg>1</arg>
<arg>0</arg>
</arguments>
<kw library="BuiltIn" name="Catenate">
<doc>Catenates the given items together and returns the resulted string.</doc>
<arguments>
<arg>SEPARATOR=</arg>
<arg>Location</arg>
<arg>${row}</arg>
<arg>${col}</arg>
</arguments>
<assign>
<var>${component}</var>
</assign>
<msg level="INFO" timestamp="20160129 11:58:34.625">${component} = Location10</msg>
<status endtime="20160129 11:58:34.625" starttime="20160129 11:58:34.609" status="PASS"></status>
</kw>
<kw library="SwingLibrary" name="Click On Component">
<doc>Clicks on a component.</doc>
<arguments>
<arg>${component}</arg>
</arguments>
<status endtime="20160129 11:58:34.641" starttime="20160129 11:58:34.625" status="PASS"></status>
</kw>
<status endtime="20160129 11:58:34.641" starttime="20160129 11:58:34.609" status="PASS"></status>
</kw>
<kw name="Check Location">
<arguments>
<arg>1</arg>
<arg>0</arg>
<arg>O</arg>
</arguments>
<kw library="BuiltIn" name="Catenate">
<doc>Catenates the given items together and returns the resulted string.</doc>
<arguments>
<arg>SEPARATOR=</arg>
<arg>Location</arg>
<arg>${row}</arg>
<arg>${col}</arg>
</arguments>
<assign>
<var>${component}</var>
</assign>
<msg level="INFO" timestamp="20160129 11:58:34.656">${component} = Location10</msg>
<status endtime="20160129 11:58:34.656" starttime="20160129 11:58:34.656" status="PASS"></status>
</kw>
<kw library="SwingLibrary" name="Get Button Text">
<doc>Uses current context to search for a button and when found, returns the text it is labeled with.</doc>
<arguments>
<arg>${component}</arg>
</arguments>
<assign>
<var>${text}</var>
</assign>
<msg level="INFO" timestamp="20160129 11:58:34.672">${text} = O</msg>
<status endtime="20160129 11:58:34.672" starttime="20160129 11:58:34.656" status="PASS"></status>
</kw>
<kw library="BuiltIn" name="Should Be Equal">
<doc>Fails if the given objects are unequal.</doc>
<arguments>
<arg>${text}</arg>
<arg>${mark}</arg>
</arguments>
<status endtime="20160129 11:58:34.672" starttime="20160129 11:58:34.672" status="PASS"></status>
</kw>
<status endtime="20160129 11:58:34.687" starttime="20160129 11:58:34.641" status="PASS"></status>
</kw>
<kw name="Mark Location">
<arguments>
<arg>2</arg>
<arg>2</arg>
</arguments>
<kw library="BuiltIn" name="Catenate">
<doc>Catenates the given items together and returns the resulted string.</doc>
<arguments>
<arg>SEPARATOR=</arg>
<arg>Location</arg>
<arg>${row}</arg>
<arg>${col}</arg>
</arguments>
<assign>
<var>${component}</var>
</assign>
<msg level="INFO" timestamp="20160129 11:58:34.687">${component} = Location22</msg>
<status endtime="20160129 11:58:34.703" starttime="20160129 11:58:34.687" status="PASS"></status>
</kw>
<kw library="SwingLibrary" name="Click On Component">
<doc>Clicks on a component.</doc>
<arguments>
<arg>${component}</arg>
</arguments>
<status endtime="20160129 11:58:34.719" starttime="20160129 11:58:34.703" status="PASS"></status>
</kw>
<status endtime="20160129 11:58:34.719" starttime="20160129 11:58:34.687" status="PASS"></status>
</kw>
<kw name="Check Location">
<arguments>
<arg>2</arg>
<arg>2</arg>
<arg>X</arg>
</arguments>
<kw library="BuiltIn" name="Catenate">
<doc>Catenates the given items together and returns the resulted string.</doc>
<arguments>
<arg>SEPARATOR=</arg>
<arg>Location</arg>
<arg>${row}</arg>
<arg>${col}</arg>
</arguments>
<assign>
<var>${component}</var>
</assign>
<msg level="INFO" timestamp="20160129 11:58:34.750">${component} = Location22</msg>
<status endtime="20160129 11:58:34.750" starttime="20160129 11:58:34.734" status="PASS"></status>
</kw>
<kw library="SwingLibrary" name="Get Button Text">
<doc>Uses current context to search for a button and when found, returns the text it is labeled with.</doc>
<arguments>
<arg>${component}</arg>
</arguments>
<assign>
<var>${text}</var>
</assign>
<msg level="INFO" timestamp="20160129 11:58:34.765">${text} = X</msg>
<status endtime="20160129 11:58:34.765" starttime="20160129 11:58:34.750" status="PASS"></status>
</kw>
<kw library="BuiltIn" name="Should Be Equal">
<doc>Fails if the given objects are unequal.</doc>
<arguments>
<arg>${text}</arg>
<arg>${mark}</arg>
</arguments>
<status endtime="20160129 11:58:34.781" starttime="20160129 11:58:34.765" status="PASS"></status>
</kw>
<status endtime="20160129 11:58:34.781" starttime="20160129 11:58:34.719" status="PASS"></status>
</kw>
<kw name="Winner Should Be">
<arguments>
<arg>TIE</arg>
</arguments>
<kw library="SwingLibrary" name="Select Dialog">
<doc>Selects a dialog as current context and sets focus to it.</doc>
<arguments>
<arg>Game Over</arg>
</arguments>
<status endtime="20160129 11:58:34.797" starttime="20160129 11:58:34.781" status="PASS"></status>
</kw>
<kw library="BuiltIn" name="Catenate">
<doc>Catenates the given items together and returns the resulted string.</doc>
<arguments>
<arg>The winner is</arg>
<arg>${winner}</arg>
</arguments>
<assign>
<var>${message}</var>
</assign>
<msg level="INFO" timestamp="20160129 11:58:34.797">${message} = The winner is TIE</msg>
<status endtime="20160129 11:58:34.797" starttime="20160129 11:58:34.797" status="PASS"></status>
</kw>
<kw library="SwingLibrary" name="Label Text Should Be">
<doc>Checks the equality of given text and the text displayed on a label.</doc>
<arguments>
<arg>OptionPane.label</arg>
<arg>${message}</arg>
</arguments>
<status endtime="20160129 11:58:34.812" starttime="20160129 11:58:34.797" status="PASS"></status>
</kw>
<kw library="SwingLibrary" name="Close Dialog">
<doc>Closes a dialog.</doc>
<arguments>
<arg>Game Over</arg>
</arguments>
<status endtime="20160129 11:58:34.828" starttime="20160129 11:58:34.812" status="PASS"></status>
</kw>
<kw library="SwingLibrary" name="Close Window">
<doc>Closes a window.</doc>
<arguments>
<arg>Tic Tac Toe</arg>
</arguments>
<status endtime="20160129 11:58:44.999" starttime="20160129 11:58:34.843" status="PASS"></status>
</kw>
<status endtime="20160129 11:58:44.999" starttime="20160129 11:58:34.781" status="PASS"></status>
</kw>
<status critical="yes" endtime="20160129 11:58:44.999" starttime="20160129 11:58:33.954" status="PASS"></status>
</test>
<status endtime="20160129 11:58:45.015" starttime="20160129 11:58:07.855" status="PASS"></status>
</suite>
<statistics>
<total>
<stat pass="3" fail="0">Critical Tests</stat>
<stat pass="3" fail="0">All Tests</stat>
</total>
<tag>
</tag>
<suite>
<stat pass="3" fail="0" name="TicTacToeGUITests" id="s1">TicTacToeGUITests</stat>
</suite>
</statistics>
<errors>
</errors>
</robot>
